Checking test execution result...
[!] Test execution result: FAILED
Checking source code format...
  Preparing source code for format check...
  Running format check...
// =====================================================
//  Running cargo fmt...
// =====================================================

// =====================================================
//    Running cargo clippy...
// =====================================================

    Checking format_check v0.1.0 (/home/runner/work/rustlings-wakaise/rustlings-wakaise/format_check)
error: 1 positional argument in format string, but no arguments were given
  --> src/lib.rs:11:21
   |
11 |     println!("Hello {}!");
   |                     ^^

error: could not compile `format_check` (lib) due to 1 previous error

[!] Source code format check: FAILED
