Checking test execution result...
[!] Test execution result: FAILED
Checking source code format...
  Preparing source code for format check...
  Running format check...
// =====================================================
//  Running cargo fmt...
// =====================================================

error: expected identifier, found `)`
  --> /home/runner/work/rustlings-wakaise/rustlings-wakaise/format_check/src/lib.rs:35:34
   |
35 |     pub fn transformer(input: ???) -> ??? {
   |                                  ^ expected identifier

error: expected identifier, found `{`
  --> /home/runner/work/rustlings-wakaise/rustlings-wakaise/format_check/src/lib.rs:35:43
   |
35 |     pub fn transformer(input: ???) -> ??? {
   |                                           ^ expected identifier


// =====================================================
//    Running cargo clippy...
// =====================================================

    Checking format_check v0.1.0 (/home/runner/work/rustlings-wakaise/rustlings-wakaise/format_check)
error: expected identifier, found `)`
  --> src/lib.rs:35:34
   |
35 |     pub fn transformer(input: ???) -> ??? {
   |                                  ^ expected identifier

error: expected identifier, found `{`
  --> src/lib.rs:35:43
   |
35 |     pub fn transformer(input: ???) -> ??? {
   |                                           ^ expected identifier

error: could not compile `format_check` (lib) due to 2 previous errors

[!] Source code format check: FAILED
