Checking test execution result...
[!] Test execution result: FAILED
Checking source code format...
  Preparing source code for format check...
  Running format check...
// =====================================================
//  Running cargo fmt...
// =====================================================

error: expected identifier, found `{`
  --> /home/runner/work/rustlings-wakaise/rustlings-wakaise/format_check/src/lib.rs:32:39
   |
19 | impl Package {
   |              - while parsing this item list starting here
...
32 |     fn is_international(&self) -> ??? {
   |                                       ^ expected identifier
...
39 | }
   | - the item list ends here


// =====================================================
//    Running cargo clippy...
// =====================================================

    Checking format_check v0.1.0 (/home/runner/work/rustlings-wakaise/rustlings-wakaise/format_check)
error: expected identifier, found `{`
  --> src/lib.rs:32:39
   |
19 | impl Package {
   |              - while parsing this item list starting here
...
32 |     fn is_international(&self) -> ??? {
   |                                       ^ expected identifier
...
39 | }
   | - the item list ends here

error: could not compile `format_check` (lib) due to 1 previous error

[!] Source code format check: FAILED
