Checking test execution result...
[!] Test execution result: FAILED
Checking source code format...
  Preparing source code for format check...
  Running format check...
// =====================================================
//  Running cargo fmt...
// =====================================================

error: expected identifier, found keyword `if`
  --> /home/runner/work/rustlings-wakaise/rustlings-wakaise/format_check/src/lib.rs:20:5
   |
20 |     if is_evening {
   |     ^^ expected identifier, found keyword


// =====================================================
//    Running cargo clippy...
// =====================================================

    Checking format_check v0.1.0 (/home/runner/work/rustlings-wakaise/rustlings-wakaise/format_check)
error: expected identifier, found keyword `if`
  --> src/lib.rs:20:5
   |
20 |     if is_evening {
   |     ^^ expected identifier, found keyword

error: could not compile `format_check` (lib) due to 1 previous error

[!] Source code format check: FAILED
