Checking test execution result...
[!] Test execution result: FAILED
Checking source code format...
  Preparing source code for format check...
  Running format check...
// =====================================================
//  Running cargo fmt...
// =====================================================

error: expected pattern, found `=`
  --> /home/runner/work/rustlings-wakaise/rustlings-wakaise/format_check/src/lib.rs:12:33
   |
12 |     let /* your pattern here */ = cat;
   |                                 ^ expected pattern


// =====================================================
//    Running cargo clippy...
// =====================================================

    Checking format_check v0.1.0 (/home/runner/work/rustlings-wakaise/rustlings-wakaise/format_check)
error: expected pattern, found `=`
  --> src/lib.rs:12:33
   |
12 |     let /* your pattern here */ = cat;
   |                                 ^ expected pattern

error: could not compile `format_check` (lib) due to 1 previous error

[!] Source code format check: FAILED
