Checking test execution result...
[!] Test execution result: FAILED
Checking source code format...
  Preparing source code for format check...
  Running format check...
// =====================================================
//  Running cargo fmt...
// =====================================================

error: missing type for `const` item
 --> /home/runner/work/rustlings-wakaise/rustlings-wakaise/format_check/src/lib.rs:8:13
  |
8 | const NUMBER = 3;
  |             ^
  |
help: provide a type for the item
  |
8 | const NUMBER: <type> = 3;
  |             ++++++++


// =====================================================
//    Running cargo clippy...
// =====================================================

    Checking format_check v0.1.0 (/home/runner/work/rustlings-wakaise/rustlings-wakaise/format_check)
error: missing type for `const` item
 --> src/lib.rs:8:13
  |
8 | const NUMBER = 3;
  |             ^ help: provide a type for the constant: `: i32`

error: could not compile `format_check` (lib) due to 1 previous error

[!] Source code format check: FAILED
