Checking test execution result...
[!] Test execution result: FAILED
Checking source code format...
  Preparing source code for format check...
  Running format check...
// =====================================================
//  Running cargo fmt...
// =====================================================

error: expected type, found `{`
  --> /home/runner/work/rustlings-wakaise/rustlings-wakaise/format_check/src/lib.rs:18:30
   |
18 | fn sale_price(price: i32) -> {
   |                              ^ expected type


// =====================================================
//    Running cargo clippy...
// =====================================================

    Checking format_check v0.1.0 (/home/runner/work/rustlings-wakaise/rustlings-wakaise/format_check)
error: expected type, found `{`
  --> src/lib.rs:18:30
   |
18 | fn sale_price(price: i32) -> {
   |                              ^ expected type

error: could not compile `format_check` (lib) due to 1 previous error

[!] Source code format check: FAILED
